[    65.283] (--) Log file renamed from "/home/ubuntu/.local/share/xorg/Xorg.pid-3042.log" to "/home/ubuntu/.local/share/xorg/Xorg.0.log"
[    65.298] 
X.Org X Server 1.21.1.11
X Protocol Version 11, Revision 0
[    65.298] Current Operating System: Linux ubuntu 6.11.0-17-generic #17~24.04.2-Ubuntu SMP PREEMPT_DYNAMIC Mon Jan 20 22:48:29 UTC 2 x86_64
[    65.298] Kernel command line: BOOT_IMAGE=/casper/vmlinuz autoinstall ds=nocloud;s=/cdrom/ --- quiet splash noprompt noshell automatic-ubiquity debian-installer/locale=en_US keyboard-configuration/layoutcode=us languagechooser/language-name=English localechooser/supported-locales=en_US.UTF-8 countrychooser/shortlist=US --
[    65.298] xorg-server 2:21.1.12-1ubuntu1.1 (For technical support please see http://www.ubuntu.com/support) 
[    65.298] Current version of pixman: 0.42.2
[    65.298] 	Before reporting problems, check http://wiki.x.org
	to make sure that you have the latest version.
[    65.298] Markers: (--) probed, (**) from config file, (==) default setting,
	(++) from command line, (!!) notice, (II) informational,
	(WW) warning, (EE) error, (NI) not implemented, (??) unknown.
[    65.298] (==) Log file: "/home/ubuntu/.local/share/xorg/Xorg.0.log", Time: Thu Jul 10 17:04:25 2025
[    65.315] (==) Using system config directory "/usr/share/X11/xorg.conf.d"
[    65.321] (==) No Layout section.  Using the first Screen section.
[    65.321] (==) No screen section available. Using defaults.
[    65.321] (**) |-->Screen "Default Screen Section" (0)
[    65.321] (**) |   |-->Monitor "<default monitor>"
[    65.357] (==) No monitor specified for screen "Default Screen Section".
	Using a default monitor configuration.
[    65.357] (**) Allowing byte-swapped clients
[    65.357] (==) Automatically adding devices
[    65.357] (==) Automatically enabling devices
[    65.357] (==) Automatically adding GPU devices
[    65.357] (==) Automatically binding GPU devices
[    65.358] (==) Max clients allowed: 256, resource mask: 0x1fffff
[    65.373] (WW) The directory "/usr/share/fonts/X11/cyrillic" does not exist.
[    65.374] 	Entry deleted from font path.
[    65.374] (WW) The directory "/usr/share/fonts/X11/100dpi/" does not exist.
[    65.374] 	Entry deleted from font path.
[    65.374] (WW) The directory "/usr/share/fonts/X11/75dpi/" does not exist.
[    65.374] 	Entry deleted from font path.
[    65.407] (WW) The directory "/usr/share/fonts/X11/100dpi" does not exist.
[    65.407] 	Entry deleted from font path.
[    65.407] (WW) The directory "/usr/share/fonts/X11/75dpi" does not exist.
[    65.407] 	Entry deleted from font path.
[    65.407] (==) FontPath set to:
	/usr/share/fonts/X11/misc,
	/usr/share/fonts/X11/Type1,
	built-ins
[    65.407] (==) ModulePath set to "/usr/lib/xorg/modules"
[    65.407] (II) The server relies on udev to provide the list of input devices.
	If no devices become available, reconfigure udev or disable AutoAddDevices.
[    65.407] (II) Loader magic: 0x5826a9d05020
[    65.407] (II) Module ABI versions:
[    65.407] 	X.Org ANSI C Emulation: 0.4
[    65.407] 	X.Org Video Driver: 25.2
[    65.407] 	X.Org XInput driver : 24.4
[    65.407] 	X.Org Server Extension : 10.0
[    65.411] (++) using VT number 2

[    65.416] (II) systemd-logind: took control of session /org/freedesktop/login1/session/_31
[    65.420] (II) xfree86: Adding drm device (/dev/dri/card0)
[    65.420] (II) Platform probe for /sys/devices/pci0000:00/0000:00:02.0/drm/card0
[    65.422] (II) systemd-logind: got fd for /dev/dri/card0 226:0 fd 14 paused 0
[    65.428] (--) PCI:*(0@0:2:0) 15ad:0405:15ad:0405 rev 0, Mem @ 0xe0000000/16777216, 0xf0000000/2097152, I/O @ 0x0000d010/16, BIOS @ 0x????????/131072
[    65.428] (II) LoadModule: "glx"
[    65.449] (II) Loading /usr/lib/xorg/modules/extensions/libglx.so
[    65.511] (II) Module glx: vendor="X.Org Foundation"
[    65.511] 	compiled for 1.21.1.11, module version = 1.0.0
[    65.512] 	ABI class: X.Org Server Extension, version 10.0
[    65.512] (==) Matched vmware as autoconfigured driver 0
[    65.512] (==) Matched modesetting as autoconfigured driver 1
[    65.512] (==) Matched fbdev as autoconfigured driver 2
[    65.512] (==) Matched vesa as autoconfigured driver 3
[    65.512] (==) Assigned the driver to the xf86ConfigLayout
[    65.512] (II) LoadModule: "vmware"
[    65.512] (II) Loading /usr/lib/xorg/modules/drivers/vmware_drv.so
[    69.808] (II) Module vmware: vendor="X.Org Foundation"
[    69.808] 	compiled for 1.21.1.11, module version = 13.4.0
[    69.808] 	Module class: X.Org Video Driver
[    69.808] 	ABI class: X.Org Video Driver, version 25.2
[    69.808] (II) LoadModule: "modesetting"
[    69.809] (II) Loading /usr/lib/xorg/modules/drivers/modesetting_drv.so
[    69.812] (II) Module modesetting: vendor="X.Org Foundation"
[    69.818] 	compiled for 1.21.1.11, module version = 1.21.1
[    69.818] 	Module class: X.Org Video Driver
[    69.818] 	ABI class: X.Org Video Driver, version 25.2
[    69.818] (II) LoadModule: "fbdev"
[    69.824] (II) Loading /usr/lib/xorg/modules/drivers/fbdev_drv.so
[    69.826] (II) Module fbdev: vendor="X.Org Foundation"
[    69.831] 	compiled for 1.21.1.11, module version = 0.5.0
[    69.831] 	Module class: X.Org Video Driver
[    69.831] 	ABI class: X.Org Video Driver, version 25.2
[    69.831] (II) LoadModule: "vesa"
[    69.831] (II) Loading /usr/lib/xorg/modules/drivers/vesa_drv.so
[    69.834] (II) Module vesa: vendor="X.Org Foundation"
[    69.834] 	compiled for 1.21.1.7, module version = 2.6.0
[    69.834] 	Module class: X.Org Video Driver
[    69.834] 	ABI class: X.Org Video Driver, version 25.2
[    69.834] (II) vmware: driver for VMware SVGA: vmware0405, vmware0710
[    69.834] (II) modesetting: Driver for Modesetting Kernel Drivers: kms
[    69.834] (II) FBDEV: driver for framebuffer: fbdev
[    69.834] (II) VESA: driver for VESA chipsets: vesa
[    69.834] xf86EnableIO: failed to enable I/O ports 0000-03ff (Operation not permitted)
[    69.834] (WW) Falling back to old probe method for modesetting
[    69.834] (WW) Falling back to old probe method for fbdev
[    69.834] (II) Loading sub module "fbdevhw"
[    69.834] (II) LoadModule: "fbdevhw"
[    69.836] (II) Loading /usr/lib/xorg/modules/libfbdevhw.so
[    69.842] (II) Module fbdevhw: vendor="X.Org Foundation"
[    69.842] 	compiled for 1.21.1.11, module version = 0.0.2
[    69.842] 	ABI class: X.Org Video Driver, version 25.2
[    69.846] (EE) open /dev/fb0: Permission denied
[    69.846] (WW) VGA arbiter: cannot open kernel arbiter, no multi-card support
[    69.846] (II) vmware(0): Creating default Display subsection in Screen section
	"Default Screen Section" for depth/fbbpp 24/32
[    69.846] (--) vmware(0): DRM driver version is 2.20.0
[    69.846] (==) vmware(0): Depth 24, (--) framebuffer bpp 32
[    69.846] (==) vmware(0): RGB weight 888
[    69.846] (==) vmware(0): Default visual is TrueColor
[    69.846] (--) vmware(0): Min width 1, Max Width 16384.
[    69.846] (--) vmware(0): Min height 1, Max Height 16384.
[    69.847] (II) vmware(0): Output Virtual1 has no monitor section
[    69.847] (II) vmware(0): Output Virtual2 has no monitor section
[    69.847] (II) vmware(0): Output Virtual3 has no monitor section
[    69.847] (II) vmware(0): Output Virtual4 has no monitor section
[    69.847] (II) vmware(0): Output Virtual5 has no monitor section
[    69.847] (II) vmware(0): Output Virtual6 has no monitor section
[    69.847] (II) vmware(0): Output Virtual7 has no monitor section
[    69.847] (II) vmware(0): Output Virtual8 has no monitor section
[    69.847] (II) vmware(0): Printing probed modes for output Virtual1
[    69.847] (II) vmware(0): Modeline "1280x800"x60.0   81.51  1280 1330 1380 1430  800 850 900 950 -hsync +vsync (57.0 kHz eP)
[    69.847] (II) vmware(0): Modeline "1920x1440"x60.0  234.00  1920 2048 2256 2600  1440 1441 1444 1500 -hsync +vsync (90.0 kHz e)
[    69.847] (II) vmware(0): Modeline "1856x1392"x60.0  218.25  1856 1952 2176 2528  1392 1393 1396 1439 -hsync +vsync (86.3 kHz e)
[    69.847] (II) vmware(0): Modeline "1792x1344"x60.0  204.75  1792 1920 2120 2448  1344 1345 1348 1394 -hsync +vsync (83.6 kHz e)
[    69.847] (II) vmware(0): Modeline "2048x1152"x60.0  162.00  2048 2074 2154 2250  1152 1153 1156 1200 +hsync +vsync (72.0 kHz e)
[    69.847] (II) vmware(0): Modeline "1920x1200"x59.9  193.25  1920 2056 2256 2592  1200 1203 1209 1245 -hsync +vsync (74.6 kHz e)
[    69.847] (II) vmware(0): Modeline "1920x1200"x60.0  154.00  1920 1968 2000 2080  1200 1203 1209 1235 +hsync -vsync (74.0 kHz e)
[    69.847] (II) vmware(0): Modeline "1920x1080"x60.0  148.50  1920 2008 2052 2200  1080 1084 1089 1125 -hsync -vsync (67.5 kHz e)
[    69.847] (II) vmware(0): Modeline "1600x1200"x60.0  162.00  1600 1664 1856 2160  1200 1201 1204 1250 +hsync +vsync (75.0 kHz e)
[    69.847] (II) vmware(0): Modeline "1680x1050"x60.0  146.25  1680 1784 1960 2240  1050 1053 1059 1089 -hsync +vsync (65.3 kHz e)
[    69.847] (II) vmware(0): Modeline "1680x1050"x59.9  119.00  1680 1728 1760 1840  1050 1053 1059 1080 +hsync -vsync (64.7 kHz e)
[    69.847] (II) vmware(0): Modeline "1400x1050"x60.0  121.75  1400 1488 1632 1864  1050 1053 1057 1089 -hsync +vsync (65.3 kHz e)
[    69.847] (II) vmware(0): Modeline "1400x1050"x59.9  101.00  1400 1448 1480 1560  1050 1053 1057 1080 +hsync -vsync (64.7 kHz e)
[    69.847] (II) vmware(0): Modeline "1600x900"x60.0  108.00  1600 1624 1704 1800  900 901 904 1000 +hsync +vsync (60.0 kHz e)
[    69.847] (II) vmware(0): Modeline "1280x1024"x60.0  108.00  1280 1328 1440 1688  1024 1025 1028 1066 +hsync +vsync (64.0 kHz e)
[    69.847] (II) vmware(0): Modeline "1440x900"x59.9  106.50  1440 1520 1672 1904  900 903 909 934 -hsync +vsync (55.9 kHz e)
[    69.847] (II) vmware(0): Modeline "1440x900"x59.9   88.75  1440 1488 1520 1600  900 903 909 926 +hsync -vsync (55.5 kHz e)
[    69.847] (II) vmware(0): Modeline "1280x960"x60.0  108.00  1280 1376 1488 1800  960 961 964 1000 +hsync +vsync (60.0 kHz e)
[    69.847] (II) vmware(0): Modeline "1366x768"x59.8   85.50  1366 1436 1579 1792  768 771 774 798 +hsync +vsync (47.7 kHz e)
[    69.847] (II) vmware(0): Modeline "1366x768"x60.0   72.00  1366 1380 1436 1500  768 769 772 800 +hsync +vsync (48.0 kHz e)
[    69.847] (II) vmware(0): Modeline "1360x768"x60.0   85.50  1360 1424 1536 1792  768 771 777 795 +hsync +vsync (47.7 kHz e)
[    69.847] (II) vmware(0): Modeline "1280x800"x59.8   83.50  1280 1352 1480 1680  800 803 809 831 -hsync +vsync (49.7 kHz e)
[    69.847] (II) vmware(0): Modeline "1280x800"x59.9   71.00  1280 1328 1360 1440  800 803 809 823 +hsync -vsync (49.3 kHz e)
[    69.847] (II) vmware(0): Modeline "1280x768"x59.9   79.50  1280 1344 1472 1664  768 771 778 798 -hsync +vsync (47.8 kHz e)
[    69.847] (II) vmware(0): Modeline "1280x768"x60.0   68.25  1280 1328 1360 1440  768 771 778 790 +hsync -vsync (47.4 kHz e)
[    69.847] (II) vmware(0): Modeline "1280x720"x60.0   74.25  1280 1390 1430 1650  720 725 730 750 +hsync +vsync (45.0 kHz e)
[    69.847] (II) vmware(0): Modeline "1024x768"x60.0   65.00  1024 1048 1184 1344  768 771 777 806 -hsync -vsync (48.4 kHz e)
[    69.847] (II) vmware(0): Modeline "800x600"x60.3   40.00  800 840 968 1056  600 601 605 628 +hsync +vsync (37.9 kHz e)
[    69.847] (II) vmware(0): Modeline "800x600"x56.2   36.00  800 824 896 1024  600 601 603 625 +hsync +vsync (35.2 kHz e)
[    69.847] (II) vmware(0): Modeline "848x480"x60.0   33.75  848 864 976 1088  480 486 494 517 +hsync +vsync (31.0 kHz e)
[    69.847] (II) vmware(0): Modeline "640x480"x59.9   25.18  640 656 752 800  480 490 492 525 -hsync -vsync (31.5 kHz e)
[    69.847] (II) vmware(0): EDID for output Virtual2
[    69.847] (II) vmware(0): EDID for output Virtual3
[    69.847] (II) vmware(0): EDID for output Virtual4
[    69.847] (II) vmware(0): EDID for output Virtual5
[    69.847] (II) vmware(0): EDID for output Virtual6
[    69.847] (II) vmware(0): EDID for output Virtual7
[    69.847] (II) vmware(0): EDID for output Virtual8
[    69.847] (II) vmware(0): Output Virtual1 connected
[    69.847] (II) vmware(0): Output Virtual2 disconnected
[    69.847] (II) vmware(0): Output Virtual3 disconnected
[    69.847] (II) vmware(0): Output Virtual4 disconnected
[    69.847] (II) vmware(0): Output Virtual5 disconnected
[    69.847] (II) vmware(0): Output Virtual6 disconnected
[    69.847] (II) vmware(0): Output Virtual7 disconnected
[    69.847] (II) vmware(0): Output Virtual8 disconnected
[    69.847] (II) vmware(0): Using exact sizes for initial modes
[    69.847] (II) vmware(0): Output Virtual1 using initial mode 1280x800 +0+0
[    69.847] (==) vmware(0): DPI set to (96, 96)
[    69.847] (==) vmware(0): Using gamma correction (1.0, 1.0, 1.0)
[    69.847] (II) Loading sub module "fb"
[    69.847] (II) LoadModule: "fb"
[    69.847] (II) Module "fb" already built-in
[    69.847] (II) Loading sub module "dri2"
[    69.847] (II) LoadModule: "dri2"
[    69.847] (II) Module "dri2" already built-in
[    69.847] (II) Loading sub module "dri3"
[    69.847] (II) LoadModule: "dri3"
[    69.847] (II) Module "dri3" already built-in
[    69.847] (II) UnloadModule: "modesetting"
[    69.847] (II) Unloading modesetting
[    69.847] (II) UnloadModule: "fbdev"
[    69.847] (II) Unloading fbdev
[    69.847] (II) UnloadSubModule: "fbdevhw"
[    69.847] (II) Unloading fbdevhw
[    69.847] (II) UnloadModule: "vesa"
[    69.847] (II) Unloading vesa
[    69.876] (II) vmware(0): Initialized VMWARE_CTRL extension version 0.2
[    70.031] (WW) vmware(0): Failed to initialize Gallium3D Xa. No render acceleration available.
[    70.031] (WW) vmware(0): Skipped initialization of direct rendering due to lack of render acceleration.
[    70.031] (--) vmware(0): Render acceleration is disabled.
[    70.031] (==) vmware(0): Rendercheck mode is disabled.
[    70.031] (--) vmware(0): Direct rendering (DRI2 3D) is disabled.
[    70.031] (--) vmware(0): Direct rendering (DRI3 3D) is disabled.
[    70.031] (==) vmware(0): Backing store enabled
[    70.031] (==) vmware(0): Silken mouse enabled
[    70.031] (==) vmware(0): DPMS enabled
[    70.031] (II) vmware(0): No 3D acceleration. Not setting up textured video.
[    70.031] (WW) vmware(0): Disabling Xv because no adaptors could be initialized.
[    70.031] (II) Initializing extension Generic Event Extension
[    70.032] (II) Initializing extension SHAPE
[    70.032] (II) Initializing extension MIT-SHM
[    70.032] (II) Initializing extension XInputExtension
[    70.032] (II) Initializing extension XTEST
[    70.034] (II) Initializing extension BIG-REQUESTS
[    70.034] (II) Initializing extension SYNC
[    70.035] (II) Initializing extension XKEYBOARD
[    70.035] (II) Initializing extension XC-MISC
[    70.035] (II) Initializing extension SECURITY
[    70.037] (II) Initializing extension XFIXES
[    70.037] (II) Initializing extension RENDER
[    70.038] (II) Initializing extension RANDR
[    70.038] (II) Initializing extension COMPOSITE
[    70.039] (II) Initializing extension DAMAGE
[    70.039] (II) Initializing extension MIT-SCREEN-SAVER
[    70.039] (II) Initializing extension DOUBLE-BUFFER
[    70.039] (II) Initializing extension RECORD
[    70.039] (II) Initializing extension DPMS
[    70.039] (II) Initializing extension Present
[    70.039] (II) Initializing extension DRI3
[    70.039] (II) Initializing extension X-Resource
[    70.039] (II) Initializing extension XVideo
[    70.039] (II) Initializing extension XVideo-MotionCompensation
[    70.039] (II) Initializing extension SELinux
[    70.039] (II) SELinux: Disabled on system
[    70.039] (II) Initializing extension GLX
[    70.039] (II) AIGLX: Screen 0 is not DRI2 capable
[    70.706] (II) IGLX: Loaded and initialized swrast
[    70.707] (II) GLX: Initialized DRISWRAST GL provider for screen 0
[    70.707] (II) Initializing extension XFree86-VidModeExtension
[    70.707] (II) Initializing extension XFree86-DGA
[    70.707] (II) Initializing extension XFree86-DRI
[    70.707] (II) Initializing extension DRI2
[    70.712] (II) vmware(0): Setting screen physical size to 338 x 211
[    71.037] (II) config/udev: Adding input device Power Button (/dev/input/event0)
[    71.037] (**) Power Button: Applying InputClass "libinput keyboard catchall"
[    71.037] (II) LoadModule: "libinput"
[    71.038] (II) Loading /usr/lib/xorg/modules/input/libinput_drv.so
[    71.045] (II) Module libinput: vendor="X.Org Foundation"
[    71.045] 	compiled for 1.21.1.11, module version = 1.4.0
[    71.046] 	Module class: X.Org XInput Driver
[    71.046] 	ABI class: X.Org XInput driver, version 24.4
[    71.046] (II) Using input driver 'libinput' for 'Power Button'
[    71.049] (II) systemd-logind: got fd for /dev/input/event0 13:64 fd 22 paused 0
[    71.049] (**) Power Button: always reports core events
[    71.049] (**) Option "Device" "/dev/input/event0"
[    71.070] (II) event0  - Power Button: is tagged by udev as: Keyboard
[    71.071] (II) event0  - Power Button: device is a keyboard
[    71.071] (II) event0  - Power Button: device removed
[    71.071] (**) Option "config_info" "udev:/sys/devices/LNXSYSTM:00/LNXPWRBN:00/input/input0/event0"
[    71.071] (II) XINPUT: Adding extended input device "Power Button" (type: KEYBOARD, id 6)
[    71.071] (**) Option "xkb_model" "pc105"
[    71.071] (**) Option "xkb_layout" "us"
[    71.073] (II) event0  - Power Button: is tagged by udev as: Keyboard
[    71.074] (II) event0  - Power Button: device is a keyboard
[    71.076] (II) config/udev: Adding input device Sleep Button (/dev/input/event1)
[    71.076] (**) Sleep Button: Applying InputClass "libinput keyboard catchall"
[    71.076] (II) Using input driver 'libinput' for 'Sleep Button'
[    71.077] (II) systemd-logind: got fd for /dev/input/event1 13:65 fd 25 paused 0
[    71.077] (**) Sleep Button: always reports core events
[    71.077] (**) Option "Device" "/dev/input/event1"
[    71.079] (II) event1  - Sleep Button: is tagged by udev as: Keyboard
[    71.079] (II) event1  - Sleep Button: device is a keyboard
[    71.080] (II) event1  - Sleep Button: device removed
[    71.080] (**) Option "config_info" "udev:/sys/devices/LNXSYSTM:00/LNXSLPBN:00/input/input1/event1"
[    71.080] (II) XINPUT: Adding extended input device "Sleep Button" (type: KEYBOARD, id 7)
[    71.080] (**) Option "xkb_model" "pc105"
[    71.080] (**) Option "xkb_layout" "us"
[    71.083] (II) event1  - Sleep Button: is tagged by udev as: Keyboard
[    71.083] (II) event1  - Sleep Button: device is a keyboard
[    71.085] (II) config/udev: Adding input device Video Bus (/dev/input/event3)
[    71.085] (**) Video Bus: Applying InputClass "libinput keyboard catchall"
[    71.085] (II) Using input driver 'libinput' for 'Video Bus'
[    71.087] (II) systemd-logind: got fd for /dev/input/event3 13:67 fd 26 paused 0
[    71.087] (**) Video Bus: always reports core events
[    71.087] (**) Option "Device" "/dev/input/event3"
[    71.090] (II) event3  - Video Bus: is tagged by udev as: Keyboard
[    71.090] (II) event3  - Video Bus: device is a keyboard
[    71.091] (II) event3  - Video Bus: device removed
[    71.091] (**) Option "config_info" "udev:/sys/devices/LNXSYSTM:00/LNXSYBUS:00/PNP0A03:00/LNXVIDEO:00/input/input4/event3"
[    71.091] (II) XINPUT: Adding extended input device "Video Bus" (type: KEYBOARD, id 8)
[    71.091] (**) Option "xkb_model" "pc105"
[    71.091] (**) Option "xkb_layout" "us"
[    71.093] (II) event3  - Video Bus: is tagged by udev as: Keyboard
[    71.094] (II) event3  - Video Bus: device is a keyboard
[    71.097] (II) config/udev: Adding input device VirtualBox mouse integration (/dev/input/event6)
[    71.098] (**) VirtualBox mouse integration: Applying InputClass "libinput pointer catchall"
[    71.098] (II) Using input driver 'libinput' for 'VirtualBox mouse integration'
[    71.099] (II) systemd-logind: got fd for /dev/input/event6 13:70 fd 27 paused 0
[    71.099] (**) VirtualBox mouse integration: always reports core events
[    71.099] (**) Option "Device" "/dev/input/event6"
[    71.102] (II) event6  - VirtualBox mouse integration: is tagged by udev as: Mouse
[    71.103] (II) event6  - VirtualBox mouse integration: device is a pointer
[    71.103] (II) event6  - VirtualBox mouse integration: device removed
[    71.103] (**) Option "config_info" "udev:/sys/devices/pci0000:00/0000:00:04.0/input/input7/event6"
[    71.103] (II) XINPUT: Adding extended input device "VirtualBox mouse integration" (type: MOUSE, id 9)
[    71.103] (**) Option "AccelerationScheme" "none"
[    71.103] (**) VirtualBox mouse integration: (accel) selected scheme none/0
[    71.103] (**) VirtualBox mouse integration: (accel) acceleration factor: 2.000
[    71.103] (**) VirtualBox mouse integration: (accel) acceleration threshold: 4
[    71.106] (II) event6  - VirtualBox mouse integration: is tagged by udev as: Mouse
[    71.106] (II) event6  - VirtualBox mouse integration: device is a pointer
[    71.108] (II) config/udev: Adding input device VirtualBox mouse integration (/dev/input/js1)
[    71.108] (II) No input driver specified, ignoring this device.
[    71.108] (II) This device may have been added with another device file.
[    71.108] (II) config/udev: Adding input device VirtualBox mouse integration (/dev/input/mouse2)
[    71.108] (II) No input driver specified, ignoring this device.
[    71.108] (II) This device may have been added with another device file.
[    71.110] (II) config/udev: Adding input device VirtualBox USB Tablet (/dev/input/event5)
[    71.110] (**) VirtualBox USB Tablet: Applying InputClass "libinput pointer catchall"
[    71.110] (II) Using input driver 'libinput' for 'VirtualBox USB Tablet'
[    71.165] (II) systemd-logind: got fd for /dev/input/event5 13:69 fd 28 paused 0
[    71.165] (**) VirtualBox USB Tablet: always reports core events
[    71.165] (**) Option "Device" "/dev/input/event5"
[    71.168] (II) event5  - VirtualBox USB Tablet: is tagged by udev as: Mouse
[    71.170] (II) event5  - VirtualBox USB Tablet: device is a pointer
[    71.171] (II) event5  - VirtualBox USB Tablet: device removed
[    71.171] (**) Option "config_info" "udev:/sys/devices/pci0000:00/0000:00:06.0/usb1/1-1/1-1:1.0/0003:80EE:0021.0001/input/input6/event5"
[    71.171] (II) XINPUT: Adding extended input device "VirtualBox USB Tablet" (type: MOUSE, id 10)
[    71.171] (**) Option "AccelerationScheme" "none"
[    71.171] (**) VirtualBox USB Tablet: (accel) selected scheme none/0
[    71.171] (**) VirtualBox USB Tablet: (accel) acceleration factor: 2.000
[    71.171] (**) VirtualBox USB Tablet: (accel) acceleration threshold: 4
[    71.175] (II) event5  - VirtualBox USB Tablet: is tagged by udev as: Mouse
[    71.176] (II) event5  - VirtualBox USB Tablet: device is a pointer
[    71.178] (II) config/udev: Adding input device VirtualBox USB Tablet (/dev/input/js0)
[    71.178] (II) No input driver specified, ignoring this device.
[    71.178] (II) This device may have been added with another device file.
[    71.179] (II) config/udev: Adding input device VirtualBox USB Tablet (/dev/input/mouse1)
[    71.179] (II) No input driver specified, ignoring this device.
[    71.179] (II) This device may have been added with another device file.
[    71.181] (II) config/udev: Adding input device AT Translated Set 2 keyboard (/dev/input/event2)
[    71.181] (**) AT Translated Set 2 keyboard: Applying InputClass "libinput keyboard catchall"
[    71.181] (II) Using input driver 'libinput' for 'AT Translated Set 2 keyboard'
[    71.185] (II) systemd-logind: got fd for /dev/input/event2 13:66 fd 29 paused 0
[    71.185] (**) AT Translated Set 2 keyboard: always reports core events
[    71.185] (**) Option "Device" "/dev/input/event2"
[    71.185] (II) event2  - AT Translated Set 2 keyboard: is tagged by udev as: Keyboard
[    71.187] (II) event2  - AT Translated Set 2 keyboard: device is a keyboard
[    71.188] (II) event2  - AT Translated Set 2 keyboard: device removed
[    71.188] (**) Option "config_info" "udev:/sys/devices/platform/i8042/serio0/input/input2/event2"
[    71.188] (II) XINPUT: Adding extended input device "AT Translated Set 2 keyboard" (type: KEYBOARD, id 11)
[    71.188] (**) Option "xkb_model" "pc105"
[    71.188] (**) Option "xkb_layout" "us"
[    71.191] (II) event2  - AT Translated Set 2 keyboard: is tagged by udev as: Keyboard
[    71.191] (II) event2  - AT Translated Set 2 keyboard: device is a keyboard
[    71.194] (II) config/udev: Adding input device ImExPS/2 Generic Explorer Mouse (/dev/input/event4)
[    71.194] (**) ImExPS/2 Generic Explorer Mouse: Applying InputClass "libinput pointer catchall"
[    71.194] (II) Using input driver 'libinput' for 'ImExPS/2 Generic Explorer Mouse'
[    71.195] (II) systemd-logind: got fd for /dev/input/event4 13:68 fd 30 paused 0
[    71.196] (**) ImExPS/2 Generic Explorer Mouse: always reports core events
[    71.196] (**) Option "Device" "/dev/input/event4"
[    71.197] (II) event4  - ImExPS/2 Generic Explorer Mouse: is tagged by udev as: Mouse
[    71.198] (II) event4  - ImExPS/2 Generic Explorer Mouse: device is a pointer
[    71.198] (II) event4  - ImExPS/2 Generic Explorer Mouse: device removed
[    71.199] (II) libinput: ImExPS/2 Generic Explorer Mouse: Step value 0 was provided, libinput Fallback acceleration function is used.
[    71.199] (II) libinput: ImExPS/2 Generic Explorer Mouse: Step value 0 was provided, libinput Fallback acceleration function is used.
[    71.199] (II) libinput: ImExPS/2 Generic Explorer Mouse: Step value 0 was provided, libinput Fallback acceleration function is used.
[    71.199] (**) Option "config_info" "udev:/sys/devices/platform/i8042/serio1/input/input5/event4"
[    71.199] (II) XINPUT: Adding extended input device "ImExPS/2 Generic Explorer Mouse" (type: MOUSE, id 12)
[    71.199] (**) Option "AccelerationScheme" "none"
[    71.199] (**) ImExPS/2 Generic Explorer Mouse: (accel) selected scheme none/0
[    71.199] (**) ImExPS/2 Generic Explorer Mouse: (accel) acceleration factor: 2.000
[    71.199] (**) ImExPS/2 Generic Explorer Mouse: (accel) acceleration threshold: 4
[    71.201] (II) event4  - ImExPS/2 Generic Explorer Mouse: is tagged by udev as: Mouse
[    71.202] (II) event4  - ImExPS/2 Generic Explorer Mouse: device is a pointer
[    71.203] (II) config/udev: Adding input device ImExPS/2 Generic Explorer Mouse (/dev/input/mouse0)
[    71.203] (II) No input driver specified, ignoring this device.
[    71.203] (II) This device may have been added with another device file.
[   288.804] (II) event4  - ImExPS/2 Generic Explorer Mouse: Enabling spurious button debouncing, see https://wayland.freedesktop.org/libinput/doc/1.25.0/button-debouncing.html for details
